<?xml version="1.0" encoding="UTF-8"?>
<!-- Generated by org.testng.reporters.JUnitReportReporter -->
<testsuite hostname="DESKTOP-978OTPB" failures="0" tests="1" name="com.test.shlok.TestCreateBranch" time="17.217" errors="0" timestamp="2022-03-25T10:55:40 IST" skipped="0">
  <testcase classname="com.test.shlok.TestCreateBranch" name="creatbranch" time="17.217"/>
  <system-out/>
</testsuite> <!-- com.test.shlok.TestCreateBranch -->
