<?xml version="1.0" encoding="UTF-8"?>
<!-- Generated by org.testng.reporters.JUnitReportReporter -->
<testsuite hostname="DESKTOP-978OTPB" failures="0" tests="1" name="com.test.shlok.Test2" time="19.902" errors="0" timestamp="2022-03-21T17:41:35 IST" skipped="0">
  <testcase classname="com.test.shlok.Test2" name="submit" time="19.902"/>
  <system-out/>
</testsuite> <!-- com.test.shlok.Test2 -->
