<?xml version="1.0" encoding="UTF-8"?>
<!-- Generated by org.testng.reporters.JUnitReportReporter -->
<testsuite hostname="DESKTOP-978OTPB" failures="0" tests="1" name="com.test.shlok.TestManageRole1" time="25.559" errors="0" timestamp="2022-04-01T11:21:10 IST" skipped="0">
  <testcase classname="com.test.shlok.TestManageRole1" name="submit" time="25.559"/>
  <system-out>
    <![CDATA[LOGIN IS SUCCESSFUL
Principal
submit is Passed
Test case is Pass]]>
  </system-out>
</testsuite> <!-- com.test.shlok.TestManageRole1 -->
