<?xml version="1.0" encoding="UTF-8"?>
<!-- Generated by org.testng.reporters.JUnitReportReporter -->
<testsuite hostname="DESKTOP-978OTPB" failures="0" tests="1" name="com.test.shlok.TestManageSubAdmin" time="79.660" errors="0" timestamp="2022-03-24T11:19:39 IST" skipped="0">
  <testcase classname="com.test.shlok.TestManageSubAdmin" name="dataSubmit" time="79.660"/>
  <system-out/>
</testsuite> <!-- com.test.shlok.TestManageSubAdmin -->
