<?xml version="1.0" encoding="UTF-8"?>
<!-- Generated by org.testng.reporters.JUnitReportReporter -->
<testsuite hostname="DESKTOP-978OTPB" failures="0" tests="1" name="com.test.shlok.Test1" time="32.117" errors="0" timestamp="2022-03-22T17:58:35 IST" skipped="0">
  <testcase classname="com.test.shlok.Test1" name="submit" time="32.117"/>
  <system-out/>
</testsuite> <!-- com.test.shlok.Test1 -->
