<?xml version="1.0" encoding="UTF-8"?>
<!-- Generated by org.testng.reporters.JUnitReportReporter -->
<testsuite hostname="DESKTOP-8I30DAH" failures="0" tests="5" name="com.test.shlok.TestDashBoard" time="300.299" errors="0" timestamp="2022-04-05T17:38:18 IST" skipped="0">
  <testcase classname="com.test.shlok.TestDashBoard" name="dashBoardCounts" time="65.323"/>
  <system-out>
    <![CDATA[Login is Successful
The total number of Branch is : 8
The total number of Sub-Admins are : 17
The total number of Teachers are : 9
The total number of Students are : 29
dashBoardCounts is Passed
Test case is Pass]]>
  </system-out>
  <testcase classname="com.test.shlok.TestDashBoard" name="recentNotification" time="39.667"/>
  <system-out>
    <![CDATA[Login is Successful
Apr 5
Route of Rohith was changed

Apr 5
Section of Jeeyan was changed

Apr 5
Vietnamese was added for Jeeyan of 1st Standard

Apr 5
Sumith from 1st Standard was removed from the GIS-School-Route

Apr 5
Status of Sumith from 1st Standard has been Activated
recentNotification is Passed
Test case is Pass]]>
  </system-out>
  <testcase classname="com.test.shlok.TestDashBoard" name="upcomingEvents" time="100.808"/>
  <system-out>
    <![CDATA[Login is Successful
Please select a branch
upcomingEvents is Passed
Test case is Pass]]>
  </system-out>
  <testcase classname="com.test.shlok.TestDashBoard" name="fetchModule" time="58.236"/>
  <system-out>
    <![CDATA[Login is Successful
                Manage Roles
Manage Sub-Admin
               

                Manage Class Timetable
               
                Manage Branch
Manage Student
Manage Class/Section
Manage Subject
Manage Teacher
Manage Attendance
Manage Exam
Manage Protocols
Manage Notification
Digital Library
Permission Forms
               
                Manage Event
Manage Gallery
Manage Achievements
Manage Representatives
Manage Holidays
Manage Newsletter
               
                Manage Trasport
               
fetchModule is Passed
Test case is Pass]]>
  </system-out>
  <testcase classname="com.test.shlok.TestDashBoard" name="selectBranchAndFetchDashboardDetails" time="36.265"/>
  <system-out>
    <![CDATA[Login is Successful
The total number of Branch is : 
The total number of Sub-Admins are : 2
The total number of Teachers are : 6
The total number of Students are : 15
Apr 5
Route of Rohith was changed

Apr 5
Section of Jeeyan was changed

Apr 5
Vietnamese was added for Jeeyan of 1st Standard

Apr 5
Sumith from 1st Standard was removed from the GIS-School-Route

Apr 5
Status of Sumith from 1st Standard has been Activated
No Upcoming Events Found
                Manage Roles
Manage Sub-Admin
               
                Manage Fee
Fundrasier
               
                Manage Class Timetable
               
                Manage Branch
Manage Student
Manage Class/Section
Manage Subject
Manage Teacher
Manage Attendance
Manage Exam
Manage Protocols
Manage Notification
Digital Library
Permission Forms
               
                Manage Event
Manage Gallery
Manage Achievements
Manage Representatives
Manage Holidays
Manage Newsletter
               
                Manage Trasport
               
selectBranchAndFetchDashboardDetails is Passed
Test case is Pass]]>
  </system-out>
</testsuite> <!-- com.test.shlok.TestDashBoard -->
