<?xml version="1.0" encoding="UTF-8"?>
<!-- Generated by org.testng.reporters.JUnitReportReporter -->
<testsuite hostname="DESKTOP-978OTPB" failures="0" tests="1" name="com.test.shlok.LoginNegativeScenario" time="14.267" errors="0" timestamp="2022-03-24T14:17:29 IST" skipped="0">
  <testcase classname="com.test.shlok.LoginNegativeScenario" name="loginWithNegativeScenario" time="14.267"/>
  <system-out>
    <![CDATA[Text is Matching]]>
  </system-out>
</testsuite> <!-- com.test.shlok.LoginNegativeScenario -->
