<?xml version="1.0" encoding="UTF-8"?>
<!-- Generated by org.testng.reporters.JUnitReportReporter -->
<testsuite hostname="DESKTOP-978OTPB" failures="0" tests="1" name="com.test.shlok.TestDashBoard" time="17.084" errors="0" timestamp="2022-04-04T12:20:25 IST" skipped="0">
  <testcase classname="com.test.shlok.TestDashBoard" name="testdb" time="17.084"/>
  <system-out>
    <![CDATA[Login is Successful
testdb is Passed
Test case is Pass]]>
  </system-out>
</testsuite> <!-- com.test.shlok.TestDashBoard -->
